<?xml version="1.0" encoding="UTF-8"?>
<!-- Generated by org.testng.reporters.JUnitXMLReporter -->
<testsuite ignored="0" hostname="DESKTOP-1D3CBA8" failures="0" tests="5" name="Test" time="485.007" errors="0" timestamp="2023-05-01T18:53:17 IST">
  <testcase classname="testcaselibrary.Test_Homepagelib" name="homepage" time="54.324"/>
  <testcase classname="testcaselibrary.Test_whatwedolib" name="whatwedo" time="58.036"/>
  <testcase classname="testcaselibrary.Test_whatwearelib" name="whatweare" time="6.247"/>
  <testcase classname="testcaselibrary.Test_whatweservelib" name="whatweserve" time="42.554"/>
  <testcase classname="testcaselibrary.Test_joinourteamlib" name="joinourteam" time="12.05"/>
</testsuite> <!-- Test -->
