<?xml version="1.0" encoding="UTF-8"?>
<testng-results ignored="0" total="5" passed="5" failed="0" skipped="0">
  <reporter-output>
  </reporter-output>
  <suite started-at="2023-05-01T18:45:12 IST" name="Suite" finished-at="2023-05-01T18:53:17 IST" duration-ms="485007">
    <groups>
    </groups>
    <test started-at="2023-05-01T18:45:12 IST" name="Test" finished-at="2023-05-01T18:53:17 IST" duration-ms="485007">
      <class name="testcaselibrary.Test_joinourteamlib">
        <test-method is-config="true" signature="Browsersetup(java.lang.String)[pri:0, instance:testcaselibrary.Test_joinourteamlib@201a4587]" started-at="2023-05-01T18:53:02 IST" name="Browsersetup" finished-at="2023-05-01T18:53:05 IST" duration-ms="3107" status="PASS">
          <params>
            <param index="0">
              <value>
                <![CDATA[chrome]]>
              </value>
            </param>
          </params>
          <reporter-output>
          </reporter-output>
        </test-method> <!-- Browsersetup -->
        <test-method signature="joinourteam()[pri:0, instance:testcaselibrary.Test_joinourteamlib@201a4587]" started-at="2023-05-01T18:53:05 IST" name="joinourteam" finished-at="2023-05-01T18:53:17 IST" duration-ms="12050" status="PASS">
          <reporter-output>
          </reporter-output>
        </test-method> <!-- joinourteam -->
        <test-method is-config="true" signature="teardown()[pri:0, instance:testcaselibrary.Test_joinourteamlib@201a4587]" started-at="2023-05-01T18:53:17 IST" name="teardown" finished-at="2023-05-01T18:53:17 IST" duration-ms="188" status="PASS">
          <reporter-output>
          </reporter-output>
        </test-method> <!-- teardown -->
      </class> <!-- testcaselibrary.Test_joinourteamlib -->
      <class name="testcaselibrary.Test_whatweservelib">
        <test-method is-config="true" signature="Browsersetup(java.lang.String)[pri:0, instance:testcaselibrary.Test_whatweservelib@47e2e487]" started-at="2023-05-01T18:52:13 IST" name="Browsersetup" finished-at="2023-05-01T18:52:18 IST" duration-ms="5377" status="PASS">
          <params>
            <param index="0">
              <value>
                <![CDATA[chrome]]>
              </value>
            </param>
          </params>
          <reporter-output>
          </reporter-output>
        </test-method> <!-- Browsersetup -->
        <test-method signature="whatweserve()[pri:0, instance:testcaselibrary.Test_whatweservelib@47e2e487]" started-at="2023-05-01T18:52:18 IST" name="whatweserve" finished-at="2023-05-01T18:53:01 IST" duration-ms="42554" status="PASS">
          <reporter-output>
          </reporter-output>
        </test-method> <!-- whatweserve -->
        <test-method is-config="true" signature="teardown()[pri:0, instance:testcaselibrary.Test_whatweservelib@47e2e487]" started-at="2023-05-01T18:53:02 IST" name="teardown" finished-at="2023-05-01T18:53:02 IST" duration-ms="251" status="PASS">
          <reporter-output>
          </reporter-output>
        </test-method> <!-- teardown -->
      </class> <!-- testcaselibrary.Test_whatweservelib -->
      <class name="testcaselibrary.Test_Homepagelib">
        <test-method is-config="true" signature="Browsersetup(java.lang.String)[pri:0, instance:testcaselibrary.Test_Homepagelib@3cebbb30]" started-at="2023-05-01T18:45:13 IST" name="Browsersetup" finished-at="2023-05-01T18:47:44 IST" duration-ms="151522" status="PASS">
          <params>
            <param index="0">
              <value>
                <![CDATA[chrome]]>
              </value>
            </param>
          </params>
          <reporter-output>
          </reporter-output>
        </test-method> <!-- Browsersetup -->
        <test-method signature="homepage()[pri:0, instance:testcaselibrary.Test_Homepagelib@3cebbb30]" started-at="2023-05-01T18:47:44 IST" name="homepage" finished-at="2023-05-01T18:48:39 IST" duration-ms="54324" status="PASS">
          <reporter-output>
          </reporter-output>
        </test-method> <!-- homepage -->
        <test-method is-config="true" signature="teardown()[pri:0, instance:testcaselibrary.Test_Homepagelib@3cebbb30]" started-at="2023-05-01T18:48:39 IST" name="teardown" finished-at="2023-05-01T18:48:39 IST" duration-ms="333" status="PASS">
          <reporter-output>
          </reporter-output>
        </test-method> <!-- teardown -->
      </class> <!-- testcaselibrary.Test_Homepagelib -->
      <class name="testcaselibrary.Test_whatwedolib">
        <test-method is-config="true" signature="Browsersetup(java.lang.String)[pri:0, instance:testcaselibrary.Test_whatwedolib@659499f1]" started-at="2023-05-01T18:48:39 IST" name="Browsersetup" finished-at="2023-05-01T18:50:55 IST" duration-ms="136113" status="PASS">
          <params>
            <param index="0">
              <value>
                <![CDATA[chrome]]>
              </value>
            </param>
          </params>
          <reporter-output>
          </reporter-output>
        </test-method> <!-- Browsersetup -->
        <test-method signature="whatwedo()[pri:0, instance:testcaselibrary.Test_whatwedolib@659499f1]" started-at="2023-05-01T18:50:55 IST" name="whatwedo" finished-at="2023-05-01T18:51:53 IST" duration-ms="58036" status="PASS">
          <reporter-output>
          </reporter-output>
        </test-method> <!-- whatwedo -->
        <test-method is-config="true" signature="teardown()[pri:0, instance:testcaselibrary.Test_whatwedolib@659499f1]" started-at="2023-05-01T18:51:54 IST" name="teardown" finished-at="2023-05-01T18:51:54 IST" duration-ms="296" status="PASS">
          <reporter-output>
          </reporter-output>
        </test-method> <!-- teardown -->
      </class> <!-- testcaselibrary.Test_whatwedolib -->
      <class name="testcaselibrary.Test_whatwearelib">
        <test-method is-config="true" signature="Browsersetup(java.lang.String)[pri:0, instance:testcaselibrary.Test_whatwearelib@51e69659]" started-at="2023-05-01T18:51:54 IST" name="Browsersetup" finished-at="2023-05-01T18:52:06 IST" duration-ms="11961" status="PASS">
          <params>
            <param index="0">
              <value>
                <![CDATA[chrome]]>
              </value>
            </param>
          </params>
          <reporter-output>
          </reporter-output>
        </test-method> <!-- Browsersetup -->
        <test-method signature="whatweare()[pri:0, instance:testcaselibrary.Test_whatwearelib@51e69659]" started-at="2023-05-01T18:52:06 IST" name="whatweare" finished-at="2023-05-01T18:52:12 IST" duration-ms="6247" status="PASS">
          <reporter-output>
          </reporter-output>
        </test-method> <!-- whatweare -->
        <test-method is-config="true" signature="teardown()[pri:0, instance:testcaselibrary.Test_whatwearelib@51e69659]" started-at="2023-05-01T18:52:13 IST" name="teardown" finished-at="2023-05-01T18:52:13 IST" duration-ms="235" status="PASS">
          <reporter-output>
          </reporter-output>
        </test-method> <!-- teardown -->
      </class> <!-- testcaselibrary.Test_whatwearelib -->
    </test> <!-- Test -->
  </suite> <!-- Suite -->
</testng-results>
